2023/10/29 15:23:02 server.go:30: Sever started
2023/10/29 15:23:02 server.go:39: Listening connections
2023/10/29 15:23:05 server.go:47: Connection accepted
2023/10/29 15:23:05 handleRequest.go:15: Request
2023/10/29 15:23:05 outputs.go:33: ERROR: Invalid request image | GET
2023/10/29 15:23:12 server.go:47: Connection accepted
2023/10/29 15:23:12 handleRequest.go:15: Request
2023/10/29 15:23:12 server.go:47: Connection accepted
2023/10/29 15:23:12 handleRequest.go:15: Request
2023/10/29 15:23:12 server.go:47: Connection accepted
2023/10/29 15:23:12 handleRequest.go:15: Request
2023/10/29 15:23:12 outputs.go:41: Response to image | GET
2023/10/29 15:23:12 outputs.go:41: Response to image | GET
2023/10/29 15:56:09 server.go:27: Sever started
2023/10/29 15:56:10 server.go:36: Listening connections
2023/10/29 16:12:24 server.go:27: Sever started
2023/10/29 16:12:24 server.go:36: Listening connections
2023/10/29 16:12:37 server.go:44: Connection accepted
2023/10/29 16:12:37 handleRequest.go:15: Request
2023/10/29 16:13:15 server.go:44: Connection accepted
2023/10/29 16:13:15 handleRequest.go:15: Request
2023/10/29 16:13:33 server.go:44: Connection accepted
2023/10/29 16:13:33 handleRequest.go:15: Request
2023/10/29 16:14:01 server.go:44: Connection accepted
2023/10/29 16:14:01 handleRequest.go:15: Request
2023/10/29 16:15:13 server.go:44: Connection accepted
2023/10/29 16:15:13 handleRequest.go:15: Request
2023/10/29 16:15:13 handleRequest.go:33: Response | Options
2023/10/29 16:15:22 server.go:44: Connection accepted
2023/10/29 16:15:22 handleRequest.go:15: Request
2023/10/29 16:15:28 server.go:44: Connection accepted
2023/10/29 16:15:28 handleRequest.go:15: Request
2023/10/29 16:15:28 handleRequest.go:33: Response | Options
2023/10/29 16:15:49 server.go:44: Connection accepted
2023/10/29 16:15:49 handleRequest.go:15: Request
2023/10/29 16:15:49 handleRequest.go:28: POST
2023/10/29 16:15:58 server.go:44: Connection accepted
2023/10/29 16:15:58 handleRequest.go:15: Request
2023/10/29 16:15:58 handleRequest.go:28: POST
2023/10/29 16:16:12 server.go:44: Connection accepted
2023/10/29 16:16:12 handleRequest.go:15: Request
2023/10/29 16:18:20 server.go:44: Connection accepted
2023/10/29 16:18:20 handleRequest.go:15: Request
2023/10/29 16:18:20 handleRequest.go:33: Response | Options
2023/10/29 16:18:27 server.go:44: Connection accepted
2023/10/29 16:18:27 handleRequest.go:15: Request
2023/10/29 16:18:44 server.go:44: Connection accepted
2023/10/29 16:18:44 handleRequest.go:15: Request
2023/10/29 16:18:44 handleRequest.go:28: POST
2023/10/29 16:19:17 server.go:44: Connection accepted
2023/10/29 16:19:17 handleRequest.go:15: Request
2023/10/29 16:19:17 handleRequest.go:28: POST
2023/10/29 16:19:21 server.go:44: Connection accepted
2023/10/29 16:19:21 handleRequest.go:15: Request
2023/10/29 16:19:28 server.go:44: Connection accepted
2023/10/29 16:19:28 handleRequest.go:15: Request
2023/10/29 16:19:28 handleRequest.go:33: Response | Options
2023/10/29 16:20:20 server.go:27: Sever started
2023/10/29 16:20:20 server.go:36: Listening connections
2023/10/29 16:20:34 server.go:44: Connection accepted
2023/10/29 16:20:34 handleRequest.go:15: Request
2023/10/29 16:20:55 server.go:44: Connection accepted
2023/10/29 16:20:55 handleRequest.go:15: Request
2023/10/29 16:22:02 server.go:27: Sever started
2023/10/29 16:22:02 server.go:36: Listening connections
2023/10/29 16:22:06 server.go:44: Connection accepted
2023/10/29 16:22:06 handleRequest.go:15: Request
2023/10/29 16:22:25 server.go:44: Connection accepted
2023/10/29 16:22:25 server.go:44: Connection accepted
2023/10/29 16:22:25 handleRequest.go:15: Request
2023/10/29 16:22:25 outputs.go:41: Response to image | GET
2023/10/29 16:22:25 server.go:44: Connection accepted
2023/10/29 16:23:30 server.go:44: Connection accepted
2023/10/29 16:23:30 handleRequest.go:15: Request
2023/10/29 16:23:30 outputs.go:41: Response to image | GET
2023/10/29 16:23:39 handleRequest.go:15: Request
2023/10/29 16:23:39 handleRequest.go:15: Request
2023/10/29 16:24:01 server.go:44: Connection accepted
2023/10/29 16:24:01 handleRequest.go:15: Request
2023/10/29 16:24:01 outputs.go:41: Response to image | GET
2023/10/29 16:31:09 server.go:27: Sever started
2023/10/29 16:31:09 server.go:36: Listening connections
2023/10/29 16:31:17 server.go:44: Connection accepted
2023/10/29 16:31:17 handleRequest.go:15: Request
2023/10/29 16:31:17 outputs.go:41: Response to image | GET
2023/10/29 16:32:02 server.go:44: Connection accepted
2023/10/29 16:32:02 handleRequest.go:15: Request
2023/10/29 16:32:02 outputs.go:41: Response to image | GET
2023/10/29 16:32:37 server.go:44: Connection accepted
2023/10/29 16:32:37 handleRequest.go:15: Request
2023/10/29 16:32:37 outputs.go:41: Response to image | GET
2023/10/29 16:33:32 server.go:44: Connection accepted
2023/10/29 16:33:32 server.go:44: Connection accepted
2023/10/29 16:33:32 handleRequest.go:15: Request
2023/10/29 16:33:32 outputs.go:41: Response to image | GET
2023/10/29 16:33:32 server.go:44: Connection accepted
2023/10/29 16:33:33 handleRequest.go:15: Request
2023/10/29 16:33:33 outputs.go:41: Response to image | GET
2023/10/29 16:33:39 handleRequest.go:15: Request
2023/10/29 16:33:39 outputs.go:41: Response to image | GET
2023/10/29 16:33:44 server.go:44: Connection accepted
2023/10/29 16:33:44 handleRequest.go:15: Request
2023/10/29 16:33:44 outputs.go:41: Response to image | GET
2023/10/29 16:34:32 server.go:27: Sever started
2023/10/29 16:34:32 server.go:36: Listening connections
2023/10/29 16:34:55 server.go:44: Connection accepted
2023/10/29 16:34:55 handleRequest.go:15: Request
2023/10/29 16:34:55 outputs.go:41: Response to image | GET
2023/10/29 16:35:33 server.go:44: Connection accepted
2023/10/29 16:35:33 handleRequest.go:15: Request
2023/10/29 16:35:33 outputs.go:41: Response to image | GET
2023/10/29 16:39:19 server.go:44: Connection accepted
2023/10/29 16:39:19 handleRequest.go:15: Request
2023/10/29 16:39:29 outputs.go:25: Response html | GET
2023/10/29 16:41:24 server.go:44: Connection accepted
2023/10/29 16:41:24 handleRequest.go:15: Request
2023/10/29 16:41:34 outputs.go:25: Response html | GET
2023/10/29 16:44:12 server.go:44: Connection accepted
2023/10/29 16:44:12 handleRequest.go:15: Request
2023/10/29 16:44:22 outputs.go:25: Response html | GET
2023/10/29 16:44:39 server.go:44: Connection accepted
2023/10/29 16:44:39 handleRequest.go:15: Request
2023/10/29 16:44:49 outputs.go:25: Response html | GET
2023/10/29 16:45:17 server.go:44: Connection accepted
2023/10/29 16:45:17 handleRequest.go:15: Request
2023/10/29 16:45:27 outputs.go:25: Response html | GET
2023/10/29 16:46:28 server.go:44: Connection accepted
2023/10/29 16:46:28 handleRequest.go:15: Request
2023/10/29 16:46:38 outputs.go:25: Response html | GET
2023/10/29 16:53:48 server.go:44: Connection accepted
2023/10/29 16:53:48 handleRequest.go:15: Request
2023/10/29 16:53:58 outputs.go:25: Response html | GET
2023/10/29 16:54:03 server.go:44: Connection accepted
2023/10/29 16:54:03 handleRequest.go:15: Request
2023/10/29 16:54:03 outputs.go:41: Response to image | GET
2023/10/29 16:54:24 server.go:44: Connection accepted
2023/10/29 16:54:24 handleRequest.go:15: Request
2023/10/29 16:54:24 outputs.go:41: Response to image | GET
2023/10/29 16:54:43 server.go:44: Connection accepted
2023/10/29 16:54:43 handleRequest.go:15: Request
2023/10/29 16:54:43 outputs.go:41: Response to image | GET
2023/10/29 16:55:30 server.go:44: Connection accepted
2023/10/29 16:55:30 handleRequest.go:15: Request
2023/10/29 16:55:30 outputs.go:41: Response to image | GET
2023/10/29 16:55:42 server.go:44: Connection accepted
2023/10/29 16:55:42 handleRequest.go:15: Request
2023/10/29 16:55:42 outputs.go:41: Response to image | GET
2023/10/29 16:56:10 server.go:44: Connection accepted
2023/10/29 16:56:10 handleRequest.go:15: Request
2023/10/29 16:56:10 outputs.go:41: Response to image | GET
2023/10/29 16:56:36 server.go:44: Connection accepted
2023/10/29 16:56:36 handleRequest.go:15: Request
2023/10/29 16:56:36 outputs.go:41: Response to image | GET
2023/10/29 16:56:57 server.go:44: Connection accepted
2023/10/29 16:56:57 handleRequest.go:15: Request
2023/10/29 16:56:57 outputs.go:41: Response to image | GET
2023/10/29 16:58:24 server.go:44: Connection accepted
2023/10/29 16:58:24 handleRequest.go:15: Request
2023/10/29 16:58:24 outputs.go:41: Response to image | GET
2023/10/29 17:01:18 server.go:27: Sever started
2023/10/29 17:01:18 server.go:36: Listening connections
2023/10/29 17:01:20 server.go:44: Connection accepted
2023/10/29 17:01:20 handleRequest.go:15: Request
2023/10/29 17:01:20 outputs.go:43: Response to image | GET
2023/10/29 17:09:14 server.go:44: Connection accepted
2023/10/29 17:09:14 handleRequest.go:15: Request
2023/10/29 17:09:14 outputs.go:43: Response to image | GET
2023/10/29 17:09:46 server.go:44: Connection accepted
2023/10/29 17:09:46 handleRequest.go:15: Request
2023/10/29 17:09:46 outputs.go:43: Response to image | GET
2023/10/29 17:10:01 server.go:44: Connection accepted
2023/10/29 17:10:01 handleRequest.go:15: Request
2023/10/29 17:10:01 outputs.go:43: Response to image | GET
2023/10/29 17:10:12 server.go:27: Sever started
2023/10/29 17:10:12 server.go:36: Listening connections
2023/10/29 17:10:16 server.go:44: Connection accepted
2023/10/29 17:10:16 handleRequest.go:15: Request
2023/10/29 17:11:43 server.go:27: Sever started
2023/10/29 17:11:43 server.go:36: Listening connections
2023/10/29 17:11:46 server.go:44: Connection accepted
2023/10/29 17:11:46 handleRequest.go:15: Request
2023/10/29 17:13:00 server.go:27: Sever started
2023/10/29 17:13:00 server.go:36: Listening connections
2023/10/29 17:13:02 server.go:44: Connection accepted
2023/10/29 17:13:02 handleRequest.go:15: Request
2023/10/29 17:13:17 server.go:27: Sever started
2023/10/29 17:13:17 server.go:36: Listening connections
2023/10/29 17:13:19 server.go:44: Connection accepted
2023/10/29 17:13:19 handleRequest.go:15: Request
2023/10/29 17:15:17 server.go:27: Sever started
2023/10/29 17:15:17 server.go:36: Listening connections
2023/10/29 17:15:19 server.go:44: Connection accepted
2023/10/29 17:15:19 handleRequest.go:15: Request
2023/10/29 17:15:19 outputs.go:49: Response to image | GET
2023/10/29 17:15:55 server.go:44: Connection accepted
2023/10/29 17:15:55 handleRequest.go:15: Request
2023/10/29 17:15:55 outputs.go:49: Response to image | GET
2023/10/29 17:16:11 server.go:27: Sever started
2023/10/29 17:16:11 server.go:36: Listening connections
2023/10/29 17:16:15 server.go:44: Connection accepted
2023/10/29 17:16:15 handleRequest.go:15: Request
2023/10/29 17:16:15 outputs.go:49: Response to image | GET
2023/10/29 17:16:58 server.go:44: Connection accepted
2023/10/29 17:16:58 handleRequest.go:15: Request
2023/10/29 17:16:58 outputs.go:49: Response to image | GET
2023/10/29 17:18:21 server.go:44: Connection accepted
2023/10/29 17:18:21 handleRequest.go:15: Request
2023/10/29 17:18:21 outputs.go:49: Response to image | GET
2023/10/29 17:18:35 server.go:44: Connection accepted
2023/10/29 17:18:35 handleRequest.go:15: Request
2023/10/29 17:18:45 outputs.go:25: Response html | GET
2023/10/29 17:19:20 server.go:44: Connection accepted
2023/10/29 17:19:20 handleRequest.go:15: Request
2023/10/29 17:19:30 outputs.go:25: Response html | GET
2023/10/29 17:19:41 server.go:27: Sever started
2023/10/29 17:19:42 server.go:36: Listening connections
2023/10/29 17:19:43 server.go:44: Connection accepted
2023/10/29 17:19:43 handleRequest.go:15: Request
2023/10/29 17:19:50 server.go:44: Connection accepted
2023/10/29 17:19:50 handleRequest.go:15: Request
2023/10/29 17:19:53 outputs.go:25: Response html | GET
2023/10/29 17:20:00 outputs.go:25: Response html | GET
2023/10/29 17:20:19 server.go:44: Connection accepted
2023/10/29 17:20:19 handleRequest.go:15: Request
2023/10/29 17:20:29 outputs.go:25: Response html | GET
2023/10/29 17:21:19 server.go:44: Connection accepted
2023/10/29 17:21:19 handleRequest.go:15: Request
2023/10/29 17:21:24 server.go:44: Connection accepted
2023/10/29 17:21:24 handleRequest.go:15: Request
2023/10/29 17:21:24 outputs.go:49: Response to image | GET
2023/10/29 17:21:29 outputs.go:25: Response html | GET
2023/10/29 17:21:30 server.go:44: Connection accepted
2023/10/29 17:21:30 handleRequest.go:15: Request
2023/10/29 17:21:30 outputs.go:49: Response to image | GET
2023/10/29 17:21:35 server.go:44: Connection accepted
2023/10/29 17:21:35 handleRequest.go:15: Request
2023/10/29 17:21:45 outputs.go:25: Response html | GET
2023/10/29 17:22:51 server.go:27: Sever started
2023/10/29 17:22:51 server.go:36: Listening connections
2023/10/29 17:22:53 server.go:44: Connection accepted
2023/10/29 17:22:53 handleRequest.go:15: Request
2023/10/29 17:23:03 outputs.go:25: Response html | GET
2023/10/29 17:23:17 server.go:44: Connection accepted
2023/10/29 17:23:17 handleRequest.go:15: Request
2023/10/29 17:23:27 outputs.go:25: Response html | GET
2023/10/29 17:23:43 server.go:44: Connection accepted
2023/10/29 17:23:43 handleRequest.go:15: Request
2023/10/29 17:23:53 outputs.go:25: Response html | GET
2023/10/29 17:24:03 server.go:44: Connection accepted
2023/10/29 17:24:03 handleRequest.go:15: Request
2023/10/29 17:24:13 outputs.go:25: Response html | GET
2023/10/29 17:24:47 server.go:44: Connection accepted
2023/10/29 17:24:47 handleRequest.go:15: Request
2023/10/29 17:24:57 outputs.go:25: Response html | GET
2023/10/29 17:25:10 server.go:44: Connection accepted
2023/10/29 17:25:10 handleRequest.go:15: Request
2023/10/29 17:25:20 outputs.go:25: Response html | GET
2023/10/29 17:25:37 server.go:44: Connection accepted
2023/10/29 17:25:37 handleRequest.go:15: Request
2023/10/29 17:25:47 outputs.go:25: Response html | GET
2023/10/29 17:26:35 server.go:27: Sever started
2023/10/29 17:26:36 server.go:36: Listening connections
2023/10/29 17:26:39 server.go:44: Connection accepted
2023/10/29 17:26:39 handleRequest.go:15: Request
2023/10/29 17:26:49 outputs.go:32: Response html | GET
2023/10/29 17:27:11 server.go:44: Connection accepted
2023/10/29 17:27:11 handleRequest.go:15: Request
2023/10/29 17:27:21 outputs.go:32: Response html | GET
2023/10/29 17:27:30 server.go:44: Connection accepted
2023/10/29 17:27:30 handleRequest.go:15: Request
2023/10/29 17:27:40 outputs.go:32: Response html | GET
2023/10/29 17:29:14 server.go:44: Connection accepted
2023/10/29 17:29:14 handleRequest.go:15: Request
2023/10/29 17:29:24 outputs.go:32: Response html | GET
2023/10/29 17:30:33 server.go:27: Sever started
2023/10/29 17:30:33 server.go:36: Listening connections
2023/10/29 17:30:36 server.go:44: Connection accepted
2023/10/29 17:30:36 handleRequest.go:15: Request
2023/10/29 17:30:46 outputs.go:32: Response html | GET
2023/10/29 17:30:47 server.go:44: Connection accepted
2023/10/29 17:30:47 handleRequest.go:15: Request
2023/10/29 17:30:47 outputs.go:56: Response to image | GET
2023/10/29 17:31:10 server.go:44: Connection accepted
2023/10/29 17:31:10 handleRequest.go:15: Request
2023/10/29 17:31:10 outputs.go:56: Response to image | GET
2023/10/29 17:32:00 server.go:44: Connection accepted
2023/10/29 17:32:00 handleRequest.go:15: Request
2023/10/29 17:32:00 outputs.go:56: Response to image | GET
2023/10/29 17:32:17 server.go:44: Connection accepted
2023/10/29 17:32:17 handleRequest.go:15: Request
2023/10/29 17:32:27 outputs.go:32: Response html | GET
2023/10/29 17:32:52 server.go:27: Sever started
2023/10/29 17:32:52 server.go:36: Listening connections
2023/10/29 17:32:59 server.go:44: Connection accepted
2023/10/29 17:32:59 handleRequest.go:15: Request
2023/10/29 17:33:18 server.go:27: Sever started
2023/10/29 17:33:18 server.go:36: Listening connections
2023/10/29 17:33:20 server.go:44: Connection accepted
2023/10/29 17:33:20 handleRequest.go:15: Request
2023/10/29 17:34:15 server.go:27: Sever started
2023/10/29 17:34:15 server.go:36: Listening connections
2023/10/29 17:34:20 server.go:44: Connection accepted
2023/10/29 17:34:20 handleRequest.go:15: Request
2023/10/29 17:34:30 outputs.go:32: Response html | GET
2023/10/29 17:34:35 server.go:44: Connection accepted
2023/10/29 17:34:35 handleRequest.go:15: Request
2023/10/29 17:34:45 outputs.go:32: Response html | GET
2023/10/29 17:35:41 server.go:27: Sever started
2023/10/29 17:35:41 server.go:36: Listening connections
2023/10/29 17:38:15 server.go:44: Connection accepted
2023/10/29 17:38:15 handleRequest.go:15: Request
2023/10/29 17:38:25 outputs.go:26: Response html | GET
2023/10/29 17:43:29 server.go:27: Sever started
2023/10/29 17:43:29 server.go:36: Listening connections
2023/10/29 17:43:32 server.go:44: Connection accepted
2023/10/29 17:43:32 handleRequest.go:15: Request
2023/10/29 17:44:57 server.go:27: Sever started
2023/10/29 17:44:57 server.go:36: Listening connections
2023/10/29 17:45:00 server.go:44: Connection accepted
2023/10/29 17:45:00 handleRequest.go:15: Request
2023/10/29 17:46:10 server.go:27: Sever started
2023/10/29 17:46:11 server.go:36: Listening connections
2023/10/29 17:46:14 server.go:44: Connection accepted
2023/10/29 17:46:14 handleRequest.go:15: Request
2023/10/29 17:46:24 outputs.go:34: Response html | GET
2023/10/29 17:47:00 server.go:27: Sever started
2023/10/29 17:47:00 server.go:36: Listening connections
2023/10/29 17:47:04 server.go:44: Connection accepted
2023/10/29 17:47:04 handleRequest.go:15: Request
2023/10/29 17:47:14 outputs.go:34: Response html | GET
2023/10/29 17:48:12 server.go:44: Connection accepted
2023/10/29 17:48:12 handleRequest.go:15: Request
2023/10/29 17:48:22 outputs.go:34: Response html | GET
2023/10/29 17:48:26 server.go:44: Connection accepted
2023/10/29 17:48:26 handleRequest.go:15: Request
2023/10/29 17:48:36 outputs.go:34: Response html | GET
2023/10/29 17:48:52 server.go:44: Connection accepted
2023/10/29 17:48:52 handleRequest.go:15: Request
2023/10/29 17:49:02 outputs.go:34: Response html | GET
2023/10/29 17:49:44 server.go:27: Sever started
2023/10/29 17:49:44 server.go:36: Listening connections
2023/10/29 17:49:46 server.go:44: Connection accepted
2023/10/29 17:49:46 handleRequest.go:15: Request
2023/10/29 17:49:56 outputs.go:34: Response html | GET
2023/10/29 17:56:35 server.go:27: Sever started
2023/10/29 17:56:36 server.go:36: Listening connections
2023/10/29 17:56:42 server.go:44: Connection accepted
2023/10/29 17:56:42 handleRequest.go:15: Request
2023/10/29 17:56:42 outputs.go:58: Response to image | GET
2023/10/29 17:56:54 server.go:44: Connection accepted
2023/10/29 17:56:54 handleRequest.go:15: Request
2023/10/29 17:56:54 outputs.go:58: Response to image | GET
2023/10/29 17:57:51 server.go:27: Sever started
2023/10/29 17:57:51 server.go:36: Listening connections
2023/10/29 17:57:56 server.go:44: Connection accepted
2023/10/29 17:57:56 handleRequest.go:15: Request
2023/10/29 17:58:04 server.go:44: Connection accepted
2023/10/29 17:58:04 handleRequest.go:15: Request
2023/10/29 17:58:04 outputs.go:56: Response to image | GET
2023/10/29 17:58:06 outputs.go:32: Response html | GET
2023/10/29 17:58:18 server.go:44: Connection accepted
2023/10/29 17:58:18 handleRequest.go:15: Request
2023/10/29 17:58:18 outputs.go:56: Response to image | GET
2023/10/29 17:58:41 server.go:44: Connection accepted
2023/10/29 17:58:41 handleRequest.go:15: Request
2023/10/29 17:58:41 outputs.go:56: Response to image | GET
2023/10/29 17:59:03 server.go:44: Connection accepted
2023/10/29 17:59:03 handleRequest.go:15: Request
2023/10/29 17:59:03 outputs.go:56: Response to image | GET
2023/10/29 17:59:32 server.go:44: Connection accepted
2023/10/29 17:59:32 handleRequest.go:15: Request
2023/10/29 17:59:32 outputs.go:56: Response to image | GET
2023/10/29 18:00:00 server.go:44: Connection accepted
2023/10/29 18:00:00 handleRequest.go:15: Request
2023/10/29 18:00:00 outputs.go:56: Response to image | GET
2023/10/29 18:01:24 server.go:44: Connection accepted
2023/10/29 18:01:24 handleRequest.go:15: Request
2023/10/29 18:01:24 outputs.go:56: Response to image | GET
2023/10/29 18:01:54 server.go:27: Sever started
2023/10/29 18:01:54 server.go:36: Listening connections
2023/10/29 18:01:57 server.go:44: Connection accepted
2023/10/29 18:01:57 handleRequest.go:15: Request
2023/10/29 18:01:58 outputs.go:58: Response to image | GET
2023/10/29 18:03:24 server.go:44: Connection accepted
2023/10/29 18:03:24 handleRequest.go:15: Request
2023/10/29 18:03:24 server.go:44: Connection accepted
2023/10/29 18:03:24 server.go:44: Connection accepted
2023/10/29 18:03:24 handleRequest.go:15: Request
2023/10/29 18:03:24 handleRequest.go:15: Request
2023/10/29 18:03:25 outputs.go:58: Response to image | GET
2023/10/29 18:03:25 outputs.go:58: Response to image | GET
2023/10/29 18:03:31 server.go:44: Connection accepted
2023/10/29 18:03:32 handleRequest.go:15: Request
2023/10/29 18:03:33 outputs.go:58: Response to image | GET
2023/10/29 18:03:34 outputs.go:32: Response html | GET
2023/10/29 18:03:36 server.go:44: Connection accepted
2023/10/29 18:03:37 handleRequest.go:15: Request
2023/10/29 18:03:38 outputs.go:58: Response to image | GET
2023/10/29 18:04:16 server.go:44: Connection accepted
2023/10/29 18:04:16 handleRequest.go:15: Request
2023/10/29 18:04:16 server.go:44: Connection accepted
2023/10/29 18:04:16 handleRequest.go:15: Request
2023/10/29 18:04:17 server.go:44: Connection accepted
2023/10/29 18:04:17 handleRequest.go:15: Request
2023/10/29 18:04:17 server.go:44: Connection accepted
2023/10/29 18:04:18 outputs.go:58: Response to image | GET
2023/10/29 18:04:18 outputs.go:58: Response to image | GET
2023/10/29 18:04:26 outputs.go:32: Response html | GET
2023/10/29 18:04:38 server.go:44: Connection accepted
2023/10/29 18:04:38 handleRequest.go:15: Request
2023/10/29 18:04:39 outputs.go:58: Response to image | GET
2023/10/29 18:05:03 server.go:44: Connection accepted
2023/10/29 18:05:03 handleRequest.go:15: Request
2023/10/29 18:05:04 outputs.go:58: Response to image | GET
2023/10/29 18:05:51 server.go:44: Connection accepted
2023/10/29 18:05:51 handleRequest.go:15: Request
2023/10/29 18:05:52 outputs.go:58: Response to image | GET
2023/10/29 18:06:05 server.go:44: Connection accepted
2023/10/29 18:06:05 handleRequest.go:15: Request
2023/10/29 18:06:06 outputs.go:58: Response to image | GET
2023/10/29 18:06:20 server.go:44: Connection accepted
2023/10/29 18:06:20 handleRequest.go:15: Request
2023/10/29 18:06:21 outputs.go:58: Response to image | GET
2023/10/29 18:07:12 server.go:44: Connection accepted
2023/10/29 18:07:12 handleRequest.go:15: Request
2023/10/29 18:07:14 outputs.go:58: Response to image | GET
2023/10/29 18:08:17 server.go:44: Connection accepted
2023/10/29 18:08:17 handleRequest.go:15: Request
2023/10/29 18:08:18 outputs.go:58: Response to image | GET
2023/10/29 18:09:21 server.go:44: Connection accepted
2023/10/29 18:09:21 handleRequest.go:15: Request
2023/10/29 18:09:22 outputs.go:58: Response to image | GET
2023/10/29 18:10:01 handleRequest.go:15: Request
2023/10/29 18:10:26 server.go:44: Connection accepted
2023/10/29 18:10:26 handleRequest.go:15: Request
2023/10/29 18:10:27 outputs.go:58: Response to image | GET
2023/10/29 18:10:30 server.go:44: Connection accepted
2023/10/29 18:10:32 handleRequest.go:15: Request
2023/10/29 18:10:33 outputs.go:58: Response to image | GET
2023/10/29 18:11:08 server.go:44: Connection accepted
2023/10/29 18:11:08 handleRequest.go:15: Request
2023/10/29 18:11:09 outputs.go:58: Response to image | GET
2023/10/29 18:18:19 server.go:27: Sever started
2023/10/29 18:18:19 server.go:36: Listening connections
2023/10/29 18:18:31 server.go:44: Connection accepted
2023/10/29 18:18:31 handleRequest.go:15: Request
2023/10/29 18:18:31 outputs.go:57: Response to image | GET
2023/10/29 18:50:23 server.go:44: Connection accepted
2023/10/29 18:50:23 handleRequest.go:15: Request
2023/10/29 18:50:23 outputs.go:57: Response to image | GET
2023/10/29 18:51:00 server.go:27: Sever started
2023/10/29 18:51:00 server.go:36: Listening connections
2023/10/29 18:51:03 server.go:44: Connection accepted
2023/10/29 18:51:03 handleRequest.go:15: Request
2023/10/29 18:51:03 outputs.go:57: Response to image | GET
2023/10/29 18:51:13 server.go:44: Connection accepted
2023/10/29 18:51:13 handleRequest.go:15: Request
2023/10/29 18:51:23 server.go:27: Sever started
2023/10/29 18:51:23 server.go:36: Listening connections
2023/10/29 18:51:32 server.go:44: Connection accepted
2023/10/29 18:51:32 handleRequest.go:15: Request
2023/10/29 18:51:32 outputs.go:57: Response to image | GET
2023/10/29 18:51:36 server.go:44: Connection accepted
2023/10/29 18:51:36 handleRequest.go:15: Request
2023/10/29 18:51:36 outputs.go:57: Response to image | GET
2023/10/29 18:52:10 server.go:27: Sever started
2023/10/29 18:52:10 server.go:36: Listening connections
2023/10/29 18:52:14 server.go:44: Connection accepted
2023/10/29 18:52:14 handleRequest.go:15: Request
2023/10/29 18:53:20 server.go:27: Sever started
2023/10/29 18:53:20 server.go:36: Listening connections
2023/10/29 18:53:23 server.go:44: Connection accepted
2023/10/29 18:53:23 handleRequest.go:15: Request
2023/10/29 18:53:23 outputs.go:57: Response to image | GET
2023/10/29 18:53:43 server.go:27: Sever started
2023/10/29 18:53:43 server.go:36: Listening connections
2023/10/29 18:55:05 server.go:27: Sever started
2023/10/29 18:55:05 server.go:36: Listening connections
2023/10/29 18:55:08 server.go:44: Connection accepted
2023/10/29 18:55:08 handleRequest.go:15: Request
2023/10/29 18:55:08 outputs.go:56: Response to image | GET
2023/10/29 18:56:32 server.go:44: Connection accepted
2023/10/29 18:56:32 handleRequest.go:15: Request
2023/10/29 18:56:32 outputs.go:56: Response to image | GET
2023/10/29 18:57:12 server.go:27: Sever started
2023/10/29 18:57:12 server.go:36: Listening connections
2023/10/29 18:57:15 server.go:44: Connection accepted
2023/10/29 18:57:15 handleRequest.go:15: Request
2023/10/29 18:57:15 outputs.go:56: Response to image | GET
2023/10/29 18:58:23 server.go:27: Sever started
2023/10/29 18:58:23 server.go:36: Listening connections
2023/10/29 18:58:25 server.go:44: Connection accepted
2023/10/29 18:58:25 handleRequest.go:15: Request
2023/10/29 18:58:25 outputs.go:56: Response to image | GET
2023/10/29 18:59:18 server.go:44: Connection accepted
2023/10/29 18:59:18 handleRequest.go:15: Request
2023/10/29 18:59:18 outputs.go:56: Response to image | GET
2023/10/29 19:00:26 server.go:27: Sever started
2023/10/29 19:00:26 server.go:36: Listening connections
2023/10/29 19:00:31 server.go:44: Connection accepted
2023/10/29 19:00:31 handleRequest.go:15: Request
2023/10/29 19:00:31 outputs.go:56: Response to image | GET
2023/10/29 19:01:18 server.go:27: Sever started
2023/10/29 19:01:19 server.go:36: Listening connections
2023/10/29 19:01:22 server.go:44: Connection accepted
2023/10/29 19:01:22 handleRequest.go:15: Request
2023/10/29 19:01:22 outputs.go:56: Response to image | GET
2023/10/29 19:02:25 server.go:44: Connection accepted
2023/10/29 19:02:25 handleRequest.go:15: Request
2023/10/29 19:02:25 outputs.go:56: Response to image | GET
2023/10/29 19:03:29 server.go:27: Sever started
2023/10/29 19:03:29 server.go:36: Listening connections
2023/10/29 19:03:32 server.go:44: Connection accepted
2023/10/29 19:03:32 handleRequest.go:15: Request
2023/10/29 19:03:33 outputs.go:58: Response to image | GET
2023/10/29 19:04:01 server.go:27: Sever started
2023/10/29 19:04:01 server.go:36: Listening connections
2023/10/29 19:04:04 server.go:44: Connection accepted
2023/10/29 19:04:04 handleRequest.go:15: Request
2023/10/29 19:04:05 outputs.go:57: Response to image | GET
2023/10/29 19:06:13 server.go:27: Sever started
2023/10/29 19:06:13 server.go:36: Listening connections
2023/10/29 19:06:16 server.go:44: Connection accepted
2023/10/29 19:06:16 handleRequest.go:15: Request
2023/10/29 19:06:16 outputs.go:56: Response to image | GET
2023/10/29 19:06:37 server.go:27: Sever started
2023/10/29 19:06:37 server.go:36: Listening connections
2023/10/29 19:06:43 server.go:44: Connection accepted
2023/10/29 19:06:43 handleRequest.go:15: Request
2023/10/29 19:06:43 outputs.go:56: Response to image | GET
2023/10/29 19:07:26 server.go:44: Connection accepted
2023/10/29 19:07:26 handleRequest.go:15: Request
2023/10/29 19:07:26 outputs.go:56: Response to image | GET
2023/10/29 19:08:33 server.go:27: Sever started
2023/10/29 19:08:33 server.go:36: Listening connections
2023/10/29 19:08:40 server.go:44: Connection accepted
2023/10/29 19:08:40 handleRequest.go:15: Request
2023/10/29 19:08:40 outputs.go:56: Response to image | GET
2023/10/29 19:09:33 server.go:27: Sever started
2023/10/29 19:09:33 server.go:36: Listening connections
2023/10/29 19:09:37 server.go:44: Connection accepted
2023/10/29 19:09:37 handleRequest.go:15: Request
2023/10/29 19:09:37 outputs.go:57: Response to image | GET
2023/10/29 19:10:55 server.go:27: Sever started
2023/10/29 19:10:55 server.go:36: Listening connections
2023/10/29 19:10:58 server.go:44: Connection accepted
2023/10/29 19:10:58 handleRequest.go:15: Request
2023/10/29 19:10:58 outputs.go:59: Response to image | GET
2023/10/29 19:11:43 server.go:44: Connection accepted
2023/10/29 19:11:43 handleRequest.go:15: Request
2023/10/29 19:11:43 outputs.go:59: Response to image | GET
2023/10/29 19:13:04 server.go:27: Sever started
2023/10/29 19:13:04 server.go:36: Listening connections
2023/10/29 19:13:07 server.go:44: Connection accepted
2023/10/29 19:13:07 handleRequest.go:15: Request
2023/10/29 19:13:07 outputs.go:59: Response to image | GET
2023/10/29 19:13:22 server.go:44: Connection accepted
2023/10/29 19:13:22 handleRequest.go:15: Request
2023/10/29 19:13:22 outputs.go:59: Response to image | GET
2023/10/29 19:13:57 server.go:44: Connection accepted
2023/10/29 19:13:57 handleRequest.go:15: Request
2023/10/29 19:13:57 outputs.go:59: Response to image | GET
2023/10/29 19:15:06 server.go:27: Sever started
2023/10/29 19:15:06 server.go:36: Listening connections
2023/10/29 19:15:11 server.go:44: Connection accepted
2023/10/29 19:15:11 handleRequest.go:15: Request
2023/10/29 19:15:11 outputs.go:60: Response to image | GET
2023/10/29 19:15:58 server.go:44: Connection accepted
2023/10/29 19:15:58 handleRequest.go:15: Request
2023/10/29 19:16:08 outputs.go:32: Response html | GET
2023/10/29 19:16:32 server.go:27: Sever started
2023/10/29 19:16:32 server.go:36: Listening connections
2023/10/29 19:16:37 server.go:44: Connection accepted
2023/10/29 19:16:37 handleRequest.go:15: Request
2023/10/29 19:16:47 outputs.go:62: Response to image | GET
2023/10/29 19:18:38 server.go:44: Connection accepted
2023/10/29 19:18:38 handleRequest.go:15: Request
2023/10/29 19:18:48 outputs.go:62: Response to image | GET
2023/10/29 19:19:54 server.go:44: Connection accepted
2023/10/29 19:19:54 handleRequest.go:15: Request
2023/10/29 19:20:04 outputs.go:62: Response to image | GET
2023/10/29 19:22:32 server.go:44: Connection accepted
2023/10/29 19:22:32 handleRequest.go:15: Request
2023/10/29 19:22:42 outputs.go:62: Response to image | GET
2023/10/29 19:23:37 server.go:27: Sever started
2023/10/29 19:23:37 server.go:36: Listening connections
2023/10/29 19:23:49 server.go:44: Connection accepted
2023/10/29 19:23:49 handleRequest.go:15: Request
2023/10/29 19:23:59 outputs.go:63: Response to image | GET
2023/10/29 19:24:22 server.go:44: Connection accepted
2023/10/29 19:24:22 handleRequest.go:15: Request
2023/10/29 19:24:38 outputs.go:63: Response to image | GET
2023/10/29 19:27:01 server.go:27: Sever started
2023/10/29 19:27:01 server.go:36: Listening connections
2023/10/29 19:28:16 server.go:27: Sever started
2023/10/29 19:28:16 server.go:36: Listening connections
2023/10/29 19:28:20 server.go:44: Connection accepted
2023/10/29 19:28:20 handleRequest.go:15: Request
2023/10/29 19:28:30 outputs.go:61: Response to image | GET
2023/10/29 19:28:57 server.go:44: Connection accepted
2023/10/29 19:28:57 handleRequest.go:15: Request
2023/10/29 19:29:07 outputs.go:61: Response to image | GET
2023/10/29 19:29:23 server.go:27: Sever started
2023/10/29 19:29:23 server.go:36: Listening connections
2023/10/29 19:29:26 server.go:44: Connection accepted
2023/10/29 19:29:26 handleRequest.go:15: Request
2023/10/29 19:29:36 outputs.go:61: Response to image | GET
2023/10/29 19:30:43 server.go:44: Connection accepted
2023/10/29 19:30:43 handleRequest.go:15: Request
2023/10/29 19:30:53 outputs.go:61: Response to image | GET
2023/10/29 19:32:26 server.go:44: Connection accepted
2023/10/29 19:32:26 handleRequest.go:15: Request
2023/10/29 19:32:36 outputs.go:61: Response to image | GET
2023/10/29 19:32:46 server.go:27: Sever started
2023/10/29 19:32:46 server.go:36: Listening connections
2023/10/29 19:32:50 server.go:44: Connection accepted
2023/10/29 19:32:50 handleRequest.go:15: Request
2023/10/29 19:33:00 outputs.go:61: Response to image | GET
2023/10/29 19:33:39 server.go:44: Connection accepted
2023/10/29 19:33:39 handleRequest.go:15: Request
2023/10/29 19:33:40 server.go:44: Connection accepted
2023/10/29 19:33:50 outputs.go:61: Response to image | GET
2023/10/29 19:36:47 server.go:27: Sever started
2023/10/29 19:36:47 server.go:36: Listening connections
2023/10/29 19:36:51 server.go:44: Connection accepted
2023/10/29 19:36:51 handleRequest.go:15: Request
2023/10/29 19:37:01 outputs.go:61: Response to image | GET
2023/10/29 19:37:07 server.go:44: Connection accepted
2023/10/29 19:37:07 handleRequest.go:15: Request
2023/10/29 19:37:17 outputs.go:61: Response to image | GET
2023/10/29 19:37:33 server.go:27: Sever started
2023/10/29 19:37:33 server.go:36: Listening connections
2023/10/29 19:37:36 server.go:44: Connection accepted
2023/10/29 19:37:36 handleRequest.go:15: Request
2023/10/29 19:37:46 outputs.go:61: Response to image | GET
2023/10/29 19:40:07 server.go:27: Sever started
2023/10/29 19:40:07 server.go:36: Listening connections
2023/10/29 19:40:20 server.go:44: Connection accepted
2023/10/29 19:40:20 handleRequest.go:15: Request
2023/10/29 19:40:30 outputs.go:61: Response to image | GET
2023/10/29 19:40:37 server.go:27: Sever started
2023/10/29 19:40:37 server.go:36: Listening connections
2023/10/29 19:40:41 server.go:44: Connection accepted
2023/10/29 19:40:41 handleRequest.go:15: Request
2023/10/29 19:40:51 outputs.go:61: Response to image | GET
2023/10/29 19:40:58 server.go:27: Sever started
2023/10/29 19:40:58 server.go:36: Listening connections
2023/10/29 19:41:02 server.go:44: Connection accepted
2023/10/29 19:41:02 handleRequest.go:15: Request
2023/10/29 19:41:12 outputs.go:61: Response to image | GET
2023/10/29 19:42:49 server.go:27: Sever started
2023/10/29 19:42:49 server.go:36: Listening connections
2023/10/29 19:42:53 server.go:44: Connection accepted
2023/10/29 19:42:53 handleRequest.go:15: Request
2023/10/29 19:44:43 server.go:27: Sever started
2023/10/29 19:44:43 server.go:36: Listening connections
2023/10/29 19:44:47 server.go:44: Connection accepted
2023/10/29 19:44:47 handleRequest.go:15: Request
2023/10/29 19:46:06 server.go:27: Sever started
2023/10/29 19:46:06 server.go:36: Listening connections
2023/10/29 19:46:15 server.go:44: Connection accepted
2023/10/29 19:46:15 handleRequest.go:15: Request
2023/10/29 19:47:00 server.go:27: Sever started
2023/10/29 19:47:00 server.go:36: Listening connections
2023/10/29 19:47:09 server.go:27: Sever started
2023/10/29 19:47:09 server.go:36: Listening connections
2023/10/29 19:47:12 server.go:44: Connection accepted
2023/10/29 19:47:12 handleRequest.go:15: Request
2023/10/29 19:47:22 outputs.go:62: Response to image | GET
2023/10/29 19:47:23 server.go:44: Connection accepted
2023/10/29 19:47:23 handleRequest.go:15: Request
2023/10/29 19:47:30 server.go:44: Connection accepted
2023/10/29 19:47:30 handleRequest.go:15: Request
2023/10/29 19:47:33 outputs.go:32: Response html | GET
2023/10/29 19:47:40 outputs.go:62: Response to image | GET
2023/10/29 19:47:40 server.go:44: Connection accepted
2023/10/29 19:47:40 handleRequest.go:15: Request
2023/10/29 19:49:14 server.go:27: Sever started
2023/10/29 19:49:14 server.go:36: Listening connections
2023/10/29 19:49:21 server.go:44: Connection accepted
2023/10/29 19:49:21 handleRequest.go:15: Request
2023/10/29 19:49:47 server.go:27: Sever started
2023/10/29 19:49:47 server.go:36: Listening connections
2023/10/29 19:49:51 server.go:44: Connection accepted
2023/10/29 19:49:51 handleRequest.go:15: Request
2023/10/29 19:50:29 server.go:44: Connection accepted
2023/10/29 19:50:29 handleRequest.go:15: Request
2023/10/29 19:51:18 server.go:27: Sever started
2023/10/29 19:51:18 server.go:36: Listening connections
2023/10/29 19:51:21 server.go:44: Connection accepted
2023/10/29 19:51:21 handleRequest.go:15: Request
2023/10/29 19:51:47 server.go:27: Sever started
2023/10/29 19:51:47 server.go:36: Listening connections
2023/10/29 19:51:53 server.go:44: Connection accepted
2023/10/29 19:51:53 handleRequest.go:15: Request
2023/10/29 19:51:53 handleRequest.go:22: POST
2023/10/29 19:52:15 server.go:44: Connection accepted
2023/10/29 19:52:15 handleRequest.go:15: Request
2023/10/29 19:52:21 server.go:44: Connection accepted
2023/10/29 19:52:21 handleRequest.go:15: Request
2023/10/29 19:52:26 server.go:44: Connection accepted
2023/10/29 19:52:26 handleRequest.go:15: Request
2023/10/29 19:52:26 handleRequest.go:35: Response | Options
2023/10/29 19:52:38 server.go:44: Connection accepted
2023/10/29 19:52:38 handleRequest.go:15: Request
2023/10/29 19:53:02 server.go:27: Sever started
2023/10/29 19:53:02 server.go:36: Listening connections
2023/10/29 19:53:05 server.go:44: Connection accepted
2023/10/29 19:53:05 handleRequest.go:15: Request
2023/10/29 19:53:37 server.go:27: Sever started
2023/10/29 19:53:37 server.go:36: Listening connections
2023/10/29 19:53:39 server.go:44: Connection accepted
2023/10/29 19:53:39 handleRequest.go:15: Request
2023/10/29 19:54:26 server.go:27: Sever started
2023/10/29 19:54:26 server.go:36: Listening connections
2023/10/29 19:54:29 server.go:44: Connection accepted
2023/10/29 19:54:29 handleRequest.go:15: Request
2023/10/29 19:54:32 server.go:44: Connection accepted
2023/10/29 19:54:32 handleRequest.go:15: Request
2023/10/29 19:54:32 handleRequest.go:35: Response | Options
2023/10/29 19:54:37 server.go:44: Connection accepted
2023/10/29 19:54:37 handleRequest.go:15: Request
2023/10/29 19:54:37 handleRequest.go:22: POST
2023/10/29 19:54:39 outputs.go:62: Response to image | GET
2023/10/29 19:55:01 server.go:44: Connection accepted
2023/10/29 19:55:01 handleRequest.go:15: Request
2023/10/29 19:55:01 outputs.go:41: ERROR: Invalid request image | GET
2023/10/29 19:55:12 server.go:44: Connection accepted
2023/10/29 19:55:13 handleRequest.go:15: Request
2023/10/29 19:55:13 outputs.go:41: ERROR: Invalid request image | GET
2023/10/29 19:55:15 server.go:44: Connection accepted
2023/10/29 19:55:17 handleRequest.go:15: Request
2023/10/29 19:55:23 server.go:44: Connection accepted
2023/10/29 19:55:27 outputs.go:62: Response to image | GET
2023/10/29 19:55:28 handleRequest.go:15: Request
2023/10/29 19:55:30 server.go:44: Connection accepted
2023/10/29 19:55:32 handleRequest.go:15: Request
2023/10/29 19:55:34 server.go:44: Connection accepted
2023/10/29 19:55:35 handleRequest.go:15: Request
2023/10/29 19:55:37 server.go:44: Connection accepted
2023/10/29 19:55:41 handleRequest.go:15: Request
2023/10/29 19:55:41 server.go:44: Connection accepted
2023/10/29 19:55:41 handleRequest.go:15: Request
2023/10/29 19:55:41 server.go:44: Connection accepted
2023/10/29 19:55:41 handleRequest.go:15: Request
2023/10/29 19:55:42 outputs.go:62: Response to image | GET
2023/10/29 19:55:45 outputs.go:62: Response to image | GET
2023/10/29 19:55:51 outputs.go:32: Response html | GET
2023/10/29 19:55:51 outputs.go:62: Response to image | GET
2023/10/29 19:55:51 outputs.go:62: Response to image | GET
2023/10/29 19:56:03 server.go:44: Connection accepted
2023/10/29 19:56:08 handleRequest.go:15: Request
2023/10/29 19:56:08 server.go:44: Connection accepted
2023/10/29 19:56:12 handleRequest.go:15: Request
2023/10/29 19:56:22 outputs.go:62: Response to image | GET
2023/10/29 19:58:00 server.go:27: Sever started
2023/10/29 19:58:00 server.go:36: Listening connections
2023/10/29 19:58:05 server.go:44: Connection accepted
2023/10/29 19:58:05 handleRequest.go:15: Request
2023/10/29 19:58:05 outputs.go:41: ERROR: Invalid request image | GET
2023/10/29 19:58:09 server.go:44: Connection accepted
2023/10/29 19:58:09 handleRequest.go:15: Request
2023/10/29 19:58:19 outputs.go:62: Response to image | GET
2023/10/29 19:58:40 server.go:44: Connection accepted
2023/10/29 19:58:40 handleRequest.go:15: Request
2023/10/29 19:58:50 outputs.go:32: Response html | GET
2023/10/29 20:00:39 server.go:27: Sever started
2023/10/29 20:00:39 server.go:36: Listening connections
2023/10/29 20:00:47 server.go:44: Connection accepted
2023/10/29 20:00:47 handleRequest.go:15: Request
2023/10/29 20:00:57 outputs.go:62: Response to image | GET
2023/10/29 20:03:01 server.go:27: Sever started
2023/10/29 20:03:01 server.go:36: Listening connections
2023/10/29 20:03:05 server.go:44: Connection accepted
2023/10/29 20:03:05 handleRequest.go:15: Request
2023/10/29 20:03:15 outputs.go:62: Response to image | GET
2023/10/29 20:04:23 server.go:27: Sever started
2023/10/29 20:04:23 server.go:36: Listening connections
2023/10/29 20:04:51 server.go:27: Sever started
2023/10/29 20:04:51 server.go:36: Listening connections
2023/10/29 20:05:07 server.go:44: Connection accepted
2023/10/29 20:05:07 handleRequest.go:15: Request
2023/10/29 20:05:17 outputs.go:62: Response to image | GET
2023/10/29 20:06:11 server.go:27: Sever started
2023/10/29 20:06:12 server.go:36: Listening connections
2023/10/29 20:06:17 server.go:44: Connection accepted
2023/10/29 20:06:17 handleRequest.go:15: Request
2023/10/29 20:06:27 outputs.go:62: Response to image | GET
2023/10/29 20:06:41 server.go:27: Sever started
2023/10/29 20:06:41 server.go:36: Listening connections
2023/10/29 20:06:50 server.go:44: Connection accepted
2023/10/29 20:06:51 handleRequest.go:15: Request
2023/10/29 20:06:56 server.go:44: Connection accepted
2023/10/29 20:07:01 outputs.go:62: Response to image | GET
2023/10/29 20:07:01 handleRequest.go:15: Request
2023/10/29 20:07:03 server.go:44: Connection accepted
2023/10/29 20:07:04 handleRequest.go:15: Request
2023/10/29 20:07:07 server.go:44: Connection accepted
2023/10/29 20:07:08 handleRequest.go:15: Request
2023/10/29 20:07:08 server.go:44: Connection accepted
2023/10/29 20:07:08 handleRequest.go:15: Request
2023/10/29 20:07:08 server.go:44: Connection accepted
2023/10/29 20:07:08 handleRequest.go:15: Request
2023/10/29 20:07:13 server.go:44: Connection accepted
2023/10/29 20:07:14 handleRequest.go:15: Request
2023/10/29 20:07:14 outputs.go:62: Response to image | GET
2023/10/29 20:07:18 outputs.go:32: Response html | GET
2023/10/29 20:07:18 outputs.go:62: Response to image | GET
2023/10/29 20:07:18 outputs.go:62: Response to image | GET
2023/10/29 20:07:30 server.go:27: Sever started
2023/10/29 20:07:30 server.go:36: Listening connections
2023/10/29 20:07:37 server.go:44: Connection accepted
2023/10/29 20:07:37 handleRequest.go:15: Request
2023/10/29 20:07:47 outputs.go:62: Response to image | GET
2023/10/29 20:07:57 server.go:27: Sever started
2023/10/29 20:07:57 server.go:36: Listening connections
2023/10/29 20:08:02 server.go:44: Connection accepted
2023/10/29 20:08:02 handleRequest.go:15: Request
2023/10/29 20:08:12 outputs.go:62: Response to image | GET
2023/10/29 20:08:15 server.go:44: Connection accepted
2023/10/29 20:08:15 handleRequest.go:15: Request
2023/10/29 20:08:25 outputs.go:62: Response to image | GET
2023/10/29 20:08:29 server.go:44: Connection accepted
2023/10/29 20:08:29 handleRequest.go:15: Request
2023/10/29 20:08:39 outputs.go:62: Response to image | GET
2023/10/29 20:08:43 server.go:44: Connection accepted
2023/10/29 20:08:43 handleRequest.go:15: Request
2023/10/29 20:08:53 outputs.go:32: Response html | GET
2023/10/29 20:09:10 server.go:44: Connection accepted
2023/10/29 20:09:10 handleRequest.go:15: Request
2023/10/29 20:09:10 server.go:44: Connection accepted
2023/10/29 20:09:10 handleRequest.go:15: Request
2023/10/29 20:09:11 server.go:44: Connection accepted
2023/10/29 20:09:20 outputs.go:62: Response to image | GET
2023/10/29 20:09:20 outputs.go:62: Response to image | GET
2023/10/29 20:09:26 handleRequest.go:15: Request
2023/10/29 20:09:36 outputs.go:62: Response to image | GET
2023/10/29 20:09:38 server.go:44: Connection accepted
2023/10/29 20:09:38 handleRequest.go:15: Request
2023/10/29 20:09:38 server.go:44: Connection accepted
2023/10/29 20:09:48 outputs.go:62: Response to image | GET
2023/10/29 20:09:48 handleRequest.go:15: Request
2023/10/29 20:09:49 server.go:44: Connection accepted
2023/10/29 20:09:49 server.go:44: Connection accepted
2023/10/29 20:09:49 handleRequest.go:15: Request
2023/10/29 20:09:49 handleRequest.go:15: Request
2023/10/29 20:09:58 outputs.go:32: Response html | GET
2023/10/29 20:09:59 outputs.go:62: Response to image | GET
2023/10/29 20:09:59 outputs.go:62: Response to image | GET
2023/10/29 20:10:16 server.go:44: Connection accepted
2023/10/29 20:10:16 handleRequest.go:15: Request
2023/10/29 20:10:16 server.go:44: Connection accepted
2023/10/29 20:10:16 handleRequest.go:15: Request
2023/10/29 20:10:16 server.go:44: Connection accepted
2023/10/29 20:10:16 handleRequest.go:15: Request
2023/10/29 20:10:26 outputs.go:32: Response html | GET
2023/10/29 20:10:26 outputs.go:62: Response to image | GET
2023/10/29 20:10:26 outputs.go:62: Response to image | GET
2023/10/29 20:10:31 server.go:44: Connection accepted
2023/10/29 20:10:31 handleRequest.go:15: Request
2023/10/29 20:10:33 server.go:44: Connection accepted
2023/10/29 20:10:33 handleRequest.go:15: Request
2023/10/29 20:10:41 outputs.go:62: Response to image | GET
2023/10/29 20:10:43 outputs.go:62: Response to image | GET
2023/10/29 20:10:56 server.go:44: Connection accepted
2023/10/29 20:10:56 handleRequest.go:15: Request
2023/10/29 20:11:04 server.go:44: Connection accepted
2023/10/29 20:11:04 server.go:44: Connection accepted
2023/10/29 20:11:04 handleRequest.go:15: Request
2023/10/29 20:11:05 server.go:44: Connection accepted
2023/10/29 20:11:06 outputs.go:62: Response to image | GET
2023/10/29 20:11:14 outputs.go:62: Response to image | GET
2023/10/29 20:12:33 server.go:44: Connection accepted
2023/10/29 20:12:33 handleRequest.go:15: Request
2023/10/29 20:12:33 outputs.go:41: ERROR: Invalid request image | GET
2023/10/29 20:12:33 server.go:44: Connection accepted
2023/10/29 20:12:33 handleRequest.go:15: Request
2023/10/29 20:12:33 outputs.go:41: ERROR: Invalid request image | GET
2023/10/29 20:12:33 server.go:44: Connection accepted
2023/10/29 20:12:39 handleRequest.go:15: Request
2023/10/29 20:12:39 server.go:44: Connection accepted
2023/10/29 20:12:47 handleRequest.go:15: Request
2023/10/29 20:12:47 server.go:44: Connection accepted
2023/10/29 20:12:49 outputs.go:62: Response to image | GET
2023/10/29 20:12:51 handleRequest.go:15: Request
2023/10/29 20:12:51 server.go:44: Connection accepted
2023/10/29 20:12:51 server.go:44: Connection accepted
2023/10/29 20:12:51 handleRequest.go:15: Request
2023/10/29 20:12:51 handleRequest.go:15: Request
2023/10/29 20:12:54 handleRequest.go:15: Request
2023/10/29 20:12:54 handleRequest.go:15: Request
2023/10/29 20:12:57 outputs.go:62: Response to image | GET
2023/10/29 20:13:01 outputs.go:32: Response html | GET
2023/10/29 20:13:01 outputs.go:62: Response to image | GET
2023/10/29 20:13:01 outputs.go:62: Response to image | GET
2023/10/29 20:13:03 server.go:27: Sever started
2023/10/29 20:13:03 server.go:36: Listening connections
2023/10/29 20:13:16 server.go:44: Connection accepted
2023/10/29 20:13:16 handleRequest.go:15: Request
2023/10/29 20:13:16 server.go:44: Connection accepted
2023/10/29 20:13:16 server.go:44: Connection accepted
2023/10/29 20:13:26 outputs.go:62: Response to image | GET
2023/10/29 20:15:02 handleRequest.go:15: Request
2023/10/29 20:15:02 handleRequest.go:15: Request
2023/10/29 20:15:10 server.go:44: Connection accepted
2023/10/29 20:15:12 handleRequest.go:15: Request
2023/10/29 20:15:22 outputs.go:62: Response to image | GET
2023/10/29 20:15:59 server.go:27: Sever started
2023/10/29 20:15:59 server.go:36: Listening connections
2023/10/29 20:16:05 server.go:44: Connection accepted
2023/10/29 20:16:05 handleRequest.go:15: Request
2023/10/29 20:16:05 server.go:44: Connection accepted
2023/10/29 20:16:05 server.go:44: Connection accepted
2023/10/29 20:16:05 handleRequest.go:15: Request
2023/10/29 20:16:05 handleRequest.go:15: Request
2023/10/29 20:16:15 outputs.go:32: Response html | GET
2023/10/29 20:16:15 outputs.go:62: Response to image | GET
2023/10/29 20:16:15 outputs.go:62: Response to image | GET
2023/10/29 20:18:01 server.go:44: Connection accepted
2023/10/29 20:18:03 handleRequest.go:15: Request
2023/10/29 20:18:04 server.go:44: Connection accepted
2023/10/29 20:18:10 handleRequest.go:15: Request
2023/10/29 20:18:10 server.go:44: Connection accepted
2023/10/29 20:18:10 handleRequest.go:15: Request
2023/10/29 20:18:13 server.go:44: Connection accepted
2023/10/29 20:18:13 outputs.go:62: Response to image | GET
2023/10/29 20:18:18 handleRequest.go:15: Request
2023/10/29 20:18:20 outputs.go:62: Response to image | GET
2023/10/29 20:18:37 server.go:44: Connection accepted
2023/10/29 20:18:37 handleRequest.go:15: Request
2023/10/29 20:18:37 server.go:44: Connection accepted
2023/10/29 20:18:37 handleRequest.go:15: Request
2023/10/29 20:18:37 server.go:44: Connection accepted
2023/10/29 20:18:45 server.go:27: Sever started
2023/10/29 20:18:45 server.go:36: Listening connections
2023/10/29 20:19:03 server.go:27: Sever started
2023/10/29 20:19:03 server.go:36: Listening connections
2023/10/29 20:19:10 server.go:44: Connection accepted
2023/10/29 20:19:11 handleRequest.go:15: Request
2023/10/29 20:19:14 server.go:44: Connection accepted
2023/10/29 20:19:17 handleRequest.go:15: Request
2023/10/29 20:19:21 outputs.go:62: Response to image | GET
2023/10/29 20:19:27 outputs.go:62: Response to image | GET
2023/10/29 20:19:54 server.go:27: Sever started
2023/10/29 20:19:54 server.go:36: Listening connections
2023/10/29 20:20:00 server.go:44: Connection accepted
2023/10/29 20:20:00 handleRequest.go:15: Request
2023/10/29 20:20:10 outputs.go:62: Response to image | GET
2023/10/29 20:20:29 server.go:27: Sever started
2023/10/29 20:20:29 server.go:36: Listening connections
2023/10/29 20:20:32 server.go:44: Connection accepted
2023/10/29 20:20:32 handleRequest.go:15: Request
2023/10/29 20:20:32 server.go:44: Connection accepted
2023/10/29 20:20:32 handleRequest.go:15: Request
2023/10/29 20:20:32 server.go:44: Connection accepted
2023/10/29 20:20:32 handleRequest.go:15: Request
2023/10/29 20:20:37 server.go:44: Connection accepted
2023/10/29 20:20:37 handleRequest.go:15: Request
2023/10/29 20:20:42 outputs.go:32: Response html | GET
2023/10/29 20:20:42 outputs.go:62: Response to image | GET
2023/10/29 20:20:42 outputs.go:62: Response to image | GET
2023/10/29 20:20:47 outputs.go:62: Response to image | GET
2023/10/29 20:20:49 server.go:44: Connection accepted
2023/10/29 20:20:50 handleRequest.go:15: Request
2023/10/29 20:21:00 outputs.go:62: Response to image | GET
2023/10/29 20:23:52 server.go:27: Sever started
2023/10/29 20:23:52 server.go:36: Listening connections
2023/10/29 20:23:57 server.go:44: Connection accepted
2023/10/29 20:23:57 handleRequest.go:15: Request
2023/10/29 20:24:00 server.go:44: Connection accepted
2023/10/29 20:24:01 handleRequest.go:15: Request
2023/10/29 20:24:07 outputs.go:62: Response to image | GET
2023/10/29 20:24:11 outputs.go:62: Response to image | GET
2023/10/29 20:24:53 server.go:44: Connection accepted
2023/10/29 20:24:53 handleRequest.go:15: Request
2023/10/29 20:25:03 outputs.go:62: Response to image | GET
2023/10/29 20:28:05 server.go:27: Sever started
2023/10/29 20:28:05 server.go:36: Listening connections
2023/10/29 20:28:08 server.go:44: Connection accepted
2023/10/29 20:28:08 handleRequest.go:15: Request
2023/10/29 20:28:18 outputs.go:62: Response to image | GET
2023/10/29 20:29:46 server.go:27: Sever started
2023/10/29 20:29:46 server.go:36: Listening connections
2023/10/29 20:29:50 server.go:44: Connection accepted
2023/10/29 20:29:50 handleRequest.go:15: Request
2023/10/29 20:29:50 server.go:44: Connection accepted
2023/10/29 20:29:50 handleRequest.go:15: Request
2023/10/29 20:30:00 outputs.go:62: Response to image | GET
2023/10/29 20:30:00 outputs.go:62: Response to image | GET
2023/10/29 20:30:57 server.go:27: Sever started
2023/10/29 20:30:57 server.go:36: Listening connections
2023/10/29 20:31:08 server.go:44: Connection accepted
2023/10/29 20:31:08 server.go:44: Connection accepted
2023/10/29 20:31:08 handleRequest.go:15: Request
2023/10/29 20:31:08 server.go:44: Connection accepted
2023/10/29 20:31:18 outputs.go:59: Response to image | GET
2023/10/29 20:32:26 server.go:27: Sever started
2023/10/29 20:32:26 server.go:36: Listening connections
2023/10/29 20:32:26 server.go:44: Connection accepted
2023/10/29 20:32:26 handleRequest.go:15: Request
2023/10/29 20:32:26 server.go:44: Connection accepted
2023/10/29 20:32:35 handleRequest.go:15: Request
2023/10/29 20:32:48 server.go:27: Sever started
2023/10/29 20:32:48 server.go:36: Listening connections
2023/10/29 20:33:08 server.go:44: Connection accepted
2023/10/29 20:33:08 server.go:44: Connection accepted
2023/10/29 20:33:08 handleRequest.go:15: Request
2023/10/29 20:33:08 server.go:44: Connection accepted
2023/10/29 20:43:21 server.go:27: Sever started
2023/10/29 20:43:21 server.go:36: Listening connections
2023/10/29 20:43:34 server.go:44: Connection accepted
2023/10/29 20:43:34 handleRequest.go:15: Request
2023/10/29 20:43:35 server.go:44: Connection accepted
2023/10/29 20:43:35 handleRequest.go:15: Request
2023/10/29 20:43:35 server.go:44: Connection accepted
2023/10/29 20:43:40 server.go:27: Sever started
2023/10/29 20:43:40 server.go:36: Listening connections
2023/10/29 20:43:48 server.go:44: Connection accepted
2023/10/29 20:43:48 server.go:44: Connection accepted
2023/10/29 20:43:48 handleRequest.go:15: Request
2023/10/29 20:43:48 server.go:44: Connection accepted
2023/10/29 20:43:58 outputs.go:59: Response to image | GET
2023/10/29 20:48:03 server.go:27: Sever started
2023/10/29 20:48:03 server.go:36: Listening connections
2023/10/29 20:48:15 server.go:44: Connection accepted
2023/10/29 20:48:15 server.go:44: Connection accepted
2023/10/29 20:48:15 handleRequest.go:15: Request
2023/10/29 20:48:16 server.go:44: Connection accepted
2023/10/29 20:48:24 handleRequest.go:15: Request
2023/10/29 20:48:24 handleRequest.go:15: Request
2023/10/29 20:48:24 server.go:44: Connection accepted
2023/10/29 20:48:24 handleRequest.go:15: Request
2023/10/29 20:48:25 outputs.go:62: Response to image | GET
2023/10/29 20:48:34 outputs.go:32: Response html | GET
2023/10/29 20:48:34 outputs.go:62: Response to image | GET
2023/10/29 20:48:34 outputs.go:62: Response to image | GET
2023/10/29 20:48:39 server.go:44: Connection accepted
2023/10/29 20:48:39 handleRequest.go:15: Request
2023/10/29 20:48:39 server.go:44: Connection accepted
2023/10/29 20:48:39 handleRequest.go:15: Request
2023/10/29 20:48:39 server.go:44: Connection accepted
2023/10/29 20:48:39 handleRequest.go:15: Request
2023/10/29 20:48:39 server.go:44: Connection accepted
2023/10/29 20:48:49 outputs.go:32: Response html | GET
2023/10/29 20:48:49 outputs.go:62: Response to image | GET
2023/10/29 20:48:49 outputs.go:62: Response to image | GET
2023/10/29 20:48:49 handleRequest.go:15: Request
2023/10/29 20:48:49 outputs.go:41: ERROR: Invalid request image | GET
2023/10/29 20:50:59 server.go:44: Connection accepted
2023/10/29 20:50:59 handleRequest.go:15: Request
2023/10/29 20:50:59 server.go:44: Connection accepted
2023/10/29 20:51:00 server.go:44: Connection accepted
2023/10/29 20:51:02 handleRequest.go:15: Request
2023/10/29 20:51:02 handleRequest.go:15: Request
2023/10/29 20:51:03 server.go:44: Connection accepted
2023/10/29 20:51:03 handleRequest.go:15: Request
2023/10/29 20:51:09 outputs.go:62: Response to image | GET
2023/10/29 20:51:12 outputs.go:32: Response html | GET
2023/10/29 20:51:12 outputs.go:62: Response to image | GET
2023/10/29 20:51:13 outputs.go:62: Response to image | GET
2023/10/30 02:12:07 server.go:27: Sever started
2023/10/30 02:12:07 server.go:36: Listening connections
2023/10/30 02:12:12 server.go:44: Connection accepted
2023/10/30 02:12:17 handleRequest.go:15: Request
2023/10/30 02:12:33 server.go:44: Connection accepted
2023/10/30 02:12:33 handleRequest.go:15: Request
2023/10/30 02:12:33 outputs.go:41: ERROR: Invalid request image | GET
2023/10/30 02:12:33 server.go:44: Connection accepted
2023/10/30 02:12:33 handleRequest.go:15: Request
2023/10/30 02:12:33 outputs.go:41: ERROR: Invalid request image | GET
2023/10/30 02:12:41 server.go:44: Connection accepted
2023/10/30 02:12:43 handleRequest.go:15: Request
2023/10/30 02:12:48 server.go:44: Connection accepted
2023/10/30 02:12:48 handleRequest.go:15: Request
2023/10/30 02:12:51 server.go:44: Connection accepted
2023/10/30 02:12:52 handleRequest.go:15: Request
2023/10/30 02:12:52 server.go:44: Connection accepted
2023/10/30 02:12:52 handleRequest.go:15: Request
2023/10/30 02:12:52 server.go:44: Connection accepted
2023/10/30 02:12:52 handleRequest.go:15: Request
2023/10/30 02:12:53 outputs.go:62: Response to image | GET
2023/10/30 02:12:58 outputs.go:62: Response to image | GET
2023/10/30 02:13:02 outputs.go:32: Response html | GET
2023/10/30 02:13:02 outputs.go:62: Response to image | GET
2023/10/30 02:13:02 outputs.go:62: Response to image | GET
2023/10/30 02:13:35 server.go:27: Sever started
2023/10/30 02:13:35 server.go:36: Listening connections
2023/10/30 02:13:37 server.go:44: Connection accepted
2023/10/30 02:13:37 handleRequest.go:15: Request
2023/10/30 02:13:37 outputs.go:31: Response html | GET
2023/10/30 02:13:37 server.go:44: Connection accepted
2023/10/30 02:13:37 handleRequest.go:15: Request
2023/10/30 02:13:37 server.go:44: Connection accepted
2023/10/30 02:13:37 handleRequest.go:15: Request
2023/10/30 02:13:37 outputs.go:61: Response to image | GET
2023/10/30 02:13:37 outputs.go:61: Response to image | GET
2023/10/30 02:13:42 server.go:44: Connection accepted
2023/10/30 02:13:42 handleRequest.go:15: Request
2023/10/30 02:13:42 outputs.go:61: Response to image | GET
2023/10/30 02:13:47 server.go:44: Connection accepted
2023/10/30 02:13:48 handleRequest.go:15: Request
2023/10/30 02:13:48 outputs.go:61: Response to image | GET
2023/10/30 02:13:54 server.go:44: Connection accepted
2023/10/30 02:13:54 handleRequest.go:15: Request
2023/10/30 02:13:54 outputs.go:31: Response html | GET
2023/10/30 02:13:55 server.go:44: Connection accepted
2023/10/30 02:13:55 handleRequest.go:15: Request
2023/10/30 02:13:55 server.go:44: Connection accepted
2023/10/30 02:13:55 handleRequest.go:15: Request
2023/10/30 02:13:55 outputs.go:61: Response to image | GET
2023/10/30 02:13:55 outputs.go:61: Response to image | GET
2023/10/30 02:15:24 server.go:44: Connection accepted
2023/10/30 02:15:24 handleRequest.go:15: Request
2023/10/30 02:15:24 handleRequest.go:34: Response | Options
2023/10/30 02:15:39 server.go:44: Connection accepted
2023/10/30 02:15:39 handleRequest.go:15: Request
2023/10/30 02:15:51 server.go:44: Connection accepted
2023/10/30 02:15:51 handleRequest.go:15: Request
2023/10/30 02:15:51 outputs.go:61: Response to image | GET
2023/10/30 02:16:05 server.go:44: Connection accepted
2023/10/30 02:16:05 handleRequest.go:15: Request
2023/10/30 02:16:05 outputs.go:31: Response html | GET
2023/10/30 02:16:11 server.go:44: Connection accepted
2023/10/30 02:16:11 handleRequest.go:15: Request
2023/10/30 02:16:11 outputs.go:61: Response to image | GET
2023/10/30 02:16:23 server.go:44: Connection accepted
2023/10/30 02:16:23 handleRequest.go:15: Request
2023/10/30 02:16:23 handleRequest.go:22: POST
